<?xml version="1.0" encoding="UTF-8"?>
<!-- Generated by org.testng.reporters.JUnitReportReporter -->
<testsuite hostname="Gurudutt" failures="0" tests="1" name="com.testng.testcases.Tc01_login" time="6.147" errors="0" timestamp="2023-01-10T08:47:16 IST" skipped="0">
  <testcase classname="com.testng.testcases.Tc01_login" name="verifyLoginpage" time="6.147"/>
  <system-out/>
</testsuite> <!-- com.testng.testcases.Tc01_login -->
